[15:34:10] [main/INFO]: Setting user: ForgeDevName
[15:34:18] [Client thread/INFO]: LWJGL Version: 2.9.1
[15:34:42] [Client thread/INFO]: Reloading ResourceManager: Default, FMLFileResourcePack:Forge Mod Loader, FMLFileResourcePack:Minecraft Forge, FMLFileResourcePack:Liquid Slots
[15:34:45] [Sound Library Loader/INFO]: Sound engine started
[15:34:56] [Client thread/INFO]: Created: 512x256 textures/blocks-atlas
[15:34:56] [Client thread/INFO]: Created: 256x256 textures/items-atlas
[15:34:57] [Client thread/INFO]: Reloading ResourceManager: Default, FMLFileResourcePack:Forge Mod Loader, FMLFileResourcePack:Minecraft Forge, FMLFileResourcePack:Liquid Slots
[15:34:57] [Client thread/INFO]: Created: 256x256 textures/items-atlas
[15:34:58] [Client thread/INFO]: Created: 512x256 textures/blocks-atlas
[15:34:59] [Sound Library Loader/INFO]: Sound engine started
[15:43:08] [Server thread/INFO]: Starting integrated minecraft server version 1.7.10
[15:43:08] [Server thread/INFO]: Generating keypair
[15:43:11] [Server thread/INFO]: Preparing start region for level 0
[15:43:13] [Server thread/INFO]: Preparing spawn area: 0%
[15:43:14] [Server thread/INFO]: Preparing spawn area: 25%
[15:43:15] [Server thread/INFO]: Preparing spawn area: 84%
[15:43:16] [Server thread/INFO]: Changing view distance to 4, from 10
[15:43:19] [Server thread/INFO]: ForgeDevName[local:E:0711352d] logged in with entity id 302 at (-88.09661468841966, 68.0, -31.524855230536048)
[15:43:19] [Server thread/INFO]: ForgeDevName joined the game
[15:43:21] [Server thread/WARN]: Can't keep up! Did the system time change, or is the server overloaded? Running 4778ms behind, skipping 95 tick(s)
[15:43:50] [Server thread/INFO]: Saving and pausing game...
[15:43:51] [Server thread/INFO]: Saving chunks for level 'New World'/Overworld
[15:43:51] [Server thread/INFO]: Saving chunks for level 'New World'/Nether
[15:43:51] [Server thread/INFO]: Saving chunks for level 'New World'/The End
[15:51:50] [Server thread/WARN]: Can't keep up! Did the system time change, or is the server overloaded? Running 8270ms behind, skipping 165 tick(s)
[15:51:51] [Server thread/INFO]: Saving and pausing game...
[15:51:51] [Server thread/INFO]: Saving chunks for level 'New World'/Overworld
[15:51:51] [Server thread/INFO]: Saving chunks for level 'New World'/Nether
[15:51:51] [Server thread/INFO]: Saving chunks for level 'New World'/The End
[15:52:17] [Server thread/INFO]: [ForgeDevName: Toggled downfall]
[15:52:17] [Client thread/INFO]: [CHAT] Toggled downfall
[15:55:21] [Server thread/WARN]: Can't keep up! Did the system time change, or is the server overloaded? Running 172533ms behind, skipping 3450 tick(s)
[15:55:28] [Server thread/INFO]: Saving and pausing game...
[15:55:28] [Server thread/INFO]: Saving chunks for level 'New World'/Overworld
[15:55:28] [Server thread/INFO]: Saving chunks for level 'New World'/Nether
[15:55:28] [Server thread/INFO]: Saving chunks for level 'New World'/The End
[15:55:28] [Server thread/WARN]: Can't keep up! Did the system time change, or is the server overloaded? Running 7017ms behind, skipping 140 tick(s)
[16:03:03] [Server thread/INFO]: Saving and pausing game...
[16:03:03] [Server thread/INFO]: Saving chunks for level 'New World'/Overworld
[16:03:04] [Server thread/INFO]: Saving chunks for level 'New World'/Nether
[16:03:04] [Server thread/INFO]: Saving chunks for level 'New World'/The End
[16:03:04] [Server thread/INFO]: Stopping server
[16:03:04] [Server thread/INFO]: Saving players
[16:03:04] [Server thread/INFO]: Saving worlds
[16:03:04] [Server thread/INFO]: Saving chunks for level 'New World'/Overworld
[16:03:04] [Server thread/INFO]: Saving chunks for level 'New World'/Nether
[16:03:04] [Server thread/INFO]: Saving chunks for level 'New World'/The End
[16:11:28] [Server thread/INFO]: Starting integrated minecraft server version 1.7.10
[16:11:28] [Server thread/INFO]: Generating keypair
[16:11:28] [Server thread/INFO]: Preparing start region for level 0
[16:11:29] [Server thread/INFO]: Changing view distance to 4, from 10
[16:11:29] [Server thread/INFO]: ForgeDevName[local:E:5ef52973] logged in with entity id 24676 at (-87.74760614748917, 64.0, -55.01467551787099)
[16:11:29] [Server thread/INFO]: ForgeDevName joined the game
[16:12:53] [Server thread/INFO]: Saving and pausing game...
[16:12:53] [Server thread/INFO]: Saving chunks for level 'New World'/Overworld
[16:12:53] [Server thread/INFO]: Saving chunks for level 'New World'/Nether
[16:12:53] [Server thread/INFO]: Saving chunks for level 'New World'/The End
[16:16:46] [Client thread/INFO]: Warning: Clientside chunk ticking took 114 ms
[16:16:54] [Client thread/INFO]: Warning: Clientside chunk ticking took 152 ms
[16:19:44] [Server thread/INFO]: Saving and pausing game...
[16:19:44] [Server thread/INFO]: Saving chunks for level 'New World'/Overworld
[16:19:45] [Server thread/INFO]: Saving chunks for level 'New World'/Nether
[16:19:45] [Server thread/INFO]: Saving chunks for level 'New World'/The End
[16:19:47] [Server thread/INFO]: Saving and pausing game...
[16:19:47] [Server thread/INFO]: Saving chunks for level 'New World'/Overworld
[16:19:48] [Server thread/INFO]: Saving chunks for level 'New World'/Nether
[16:19:48] [Server thread/INFO]: Saving chunks for level 'New World'/The End
[16:19:56] [Server thread/INFO]: Stopping server
[16:19:56] [Server thread/INFO]: Saving players
[16:19:57] [Server thread/INFO]: Saving worlds
[16:19:57] [Server thread/INFO]: Saving chunks for level 'New World'/Overworld
[16:19:57] [Server thread/INFO]: Saving chunks for level 'New World'/Nether
[16:19:57] [Server thread/INFO]: Saving chunks for level 'New World'/The End
[16:19:58] [Client thread/INFO]: Stopping!
